[0928/193518.338:ERROR:process_info.cc(359)] UncheckedAllocate
[0928/193518.960:ERROR:process_info.cc(359)] UncheckedAllocate
[1010/154016.771:ERROR:filesystem_win.cc(129)] GetFileAttributes C:\Users\User\AppData\Local\Google\Chrome\User Data\Crashpad\attachments\a2ee9b9d-98a4-4919-9fd0-803b73b481ad: Системе не удается найти указанный путь. (0x3)
[1010/154016.786:ERROR:filesystem_win.cc(129)] GetFileAttributes C:\Users\User\AppData\Local\Google\Chrome\User Data\Crashpad\attachments\a7cd181f-fd43-4378-9fe5-d38d624c3866: Системе не удается найти указанный путь. (0x3)
[1010/154016.824:ERROR:filesystem_win.cc(129)] GetFileAttributes C:\Users\User\AppData\Local\Google\Chrome\User Data\Crashpad\attachments\c821cac2-1461-4648-a2d2-4661b30e3d1c: Системе не удается найти указанный путь. (0x3)
[1010/154016.840:ERROR:filesystem_win.cc(129)] GetFileAttributes C:\Users\User\AppData\Local\Google\Chrome\User Data\Crashpad\attachments\cb027b85-2e54-4d3f-b814-59811a937043: Системе не удается найти указанный путь. (0x3)
[1010/154016.858:ERROR:filesystem_win.cc(129)] GetFileAttributes C:\Users\User\AppData\Local\Google\Chrome\User Data\Crashpad\attachments\eeae8cdd-4cb2-4d0d-adbb-c37c0b69c7ea: Системе не удается найти указанный путь. (0x3)
[1010/154016.882:ERROR:directory_reader_win.cc(43)] FindFirstFile: Системе не удается найти указанный путь. (0x3)
[1010/173155.306:ERROR:directory_reader_win.cc(43)] FindFirstFile: Системе не удается найти указанный путь. (0x3)
[1011/150058.229:ERROR:directory_reader_win.cc(43)] FindFirstFile: Системе не удается найти указанный путь. (0x3)
[1011/153036.639:ERROR:directory_reader_win.cc(43)] FindFirstFile: Системе не удается найти указанный путь. (0x3)
[1014/170700.890:ERROR:filesystem_win.cc(129)] GetFileAttributes C:\Users\User\AppData\Local\Google\Chrome\User Data\Crashpad\attachments\23da1e83-2918-4fd5-9d5c-e122f8c7b632: Системе не удается найти указанный путь. (0x3)
[1014/170700.938:ERROR:filesystem_win.cc(129)] GetFileAttributes C:\Users\User\AppData\Local\Google\Chrome\User Data\Crashpad\attachments\6f69747a-a172-4956-bd29-23d3cbb1f6bd: Системе не удается найти указанный путь. (0x3)
[1014/170700.951:ERROR:directory_reader_win.cc(43)] FindFirstFile: Системе не удается найти указанный путь. (0x3)
[1014/183755.475:ERROR:directory_reader_win.cc(43)] FindFirstFile: Системе не удается найти указанный путь. (0x3)
[1023/101305.673:ERROR:directory_reader_win.cc(43)] FindFirstFile: Системе не удается найти указанный путь. (0x3)
[1024/142628.233:ERROR:directory_reader_win.cc(43)] FindFirstFile: Системе не удается найти указанный путь. (0x3)
[1024/152614.868:ERROR:process_reader_win.cc(188)] ResumeThread: Параметр задан неверно. (0x57)
[1024/152614.868:ERROR:process_reader_win.cc(151)] SuspendThread: Отказано в доступе. (0x5)
[1024/152614.868:ERROR:process_reader_win.cc(151)] SuspendThread: Отказано в доступе. (0x5)
[1024/152614.868:ERROR:process_reader_win.cc(151)] SuspendThread: Отказано в доступе. (0x5)
[1024/152614.868:ERROR:process_reader_win.cc(151)] SuspendThread: Отказано в доступе. (0x5)
[1024/152614.868:ERROR:process_reader_win.cc(151)] SuspendThread: Отказано в доступе. (0x5)
[1024/152614.868:ERROR:process_reader_win.cc(151)] SuspendThread: Отказано в доступе. (0x5)
[1024/152614.868:ERROR:process_reader_win.cc(151)] SuspendThread: Отказано в доступе. (0x5)
[1024/152614.868:ERROR:process_reader_win.cc(151)] SuspendThread: Отказано в доступе. (0x5)
[1024/152614.868:ERROR:process_reader_win.cc(151)] SuspendThread: Отказано в доступе. (0x5)
[1024/152614.869:ERROR:process_reader_win.cc(151)] SuspendThread: Отказано в доступе. (0x5)
[1028/101317.631:ERROR:filesystem_win.cc(129)] GetFileAttributes C:\Users\User\AppData\Local\Google\Chrome\User Data\Crashpad\attachments\d1fc8102-fe1c-4cea-9511-ef76318256d0: Системе не удается найти указанный путь. (0x3)
[1028/101318.351:ERROR:directory_reader_win.cc(43)] FindFirstFile: Системе не удается найти указанный путь. (0x3)
[1028/183142.015:ERROR:directory_reader_win.cc(43)] FindFirstFile: Системе не удается найти указанный путь. (0x3)
[1028/230009.576:ERROR:directory_reader_win.cc(43)] FindFirstFile: Системе не удается найти указанный путь. (0x3)
[1030/150823.939:ERROR:directory_reader_win.cc(43)] FindFirstFile: Системе не удается найти указанный путь. (0x3)
[1031/094230.241:ERROR:directory_reader_win.cc(43)] FindFirstFile: Системе не удается найти указанный путь. (0x3)
[1031/154259.028:ERROR:filesystem_win.cc(148)] DeleteFile C:\Users\User\AppData\Local\Google\Chrome\User Data\Crashpad\reports\b6e174ac-3f90-4ff9-9897-55776cbafae9.dmp: Процесс не может получить доступ к файлу, так как этот файл занят другим процессом. (0x20)
[1101/210244.110:ERROR:directory_reader_win.cc(43)] FindFirstFile: Системе не удается найти указанный путь. (0x3)
